  AutoBattleC++.cpp
  BaseCharacter.cpp
D:\GridBattlefield\AutoBattleC++\BaseCharacter.cpp(5,36): warning C4244: 'argumento': conversão de 'float' para 'int', possível perda de dados
  BattleField.cpp
  CharacterManager.cpp
D:\GridBattlefield\AutoBattleC++\CharacterManager.cpp(7,15): warning C4244: 'argumento': conversão de 'time_t' para 'unsigned int', possível perda de dados
D:\GridBattlefield\AutoBattleC++\CharacterManager.cpp(59,15): warning C4244: 'argumento': conversão de 'time_t' para 'unsigned int', possível perda de dados
C:\Program Files\Microsoft Visual Studio\2022\Community\VC\Tools\MSVC\14.30.30705\include\utility(247,16): warning C4244: 'inicializando': conversão de '_Ty' para '_Ty1', possível perda de dados
          with
          [
              _Ty=unsigned __int64
          ]
          and
          [
              _Ty1=int
          ]
D:\GridBattlefield\AutoBattleC++\CharacterManager.cpp(69): message : consulte a referência à instanciação 'std::pair<int,int>::pair<unsigned __int64,unsigned __int64,0>(std::pair<unsigned __int64,unsigned __int64> &&) noexcept' do modelo que está sendo compilada
D:\GridBattlefield\AutoBattleC++\CharacterManager.cpp(69): message : consulte a referência à instanciação 'std::pair<int,int>::pair<unsigned __int64,unsigned __int64,0>(std::pair<unsigned __int64,unsigned __int64> &&) noexcept' do modelo que está sendo compilada
C:\Program Files\Microsoft Visual Studio\2022\Community\VC\Tools\MSVC\14.30.30705\include\utility(247,61): warning C4244: 'inicializando': conversão de '_Ty' para '_Ty2', possível perda de dados
          with
          [
              _Ty=unsigned __int64
          ]
          and
          [
              _Ty2=int
          ]
  TurnManager.cpp
  Gerando Código...
D:\GridBattlefield\AutoBattleC++\BattleField.cpp(82): warning C4715: 'BattleField::getClass': nem todos os caminhos de controle retornam um valor
D:\GridBattlefield\AutoBattleC++\BaseCharacter.cpp(165): warning C4715: 'BaseCharacter::validateFourDirection': nem todos os caminhos de controle retornam um valor
D:\GridBattlefield\AutoBattleC++\BaseCharacter.cpp(149): warning C4715: 'BaseCharacter::validateEightDirection': nem todos os caminhos de controle retornam um valor
  AutoBattleC++.vcxproj -> D:\GridBattlefield\AutoBattleC++\x64\Debug\AutoBattleC++.exe
